<?xml version="1.0" encoding="UTF-8"?>
<testng-results skipped="0" failed="1" ignored="0" total="3" passed="2">
  <reporter-output>
  </reporter-output>
  <suite name="Suite" duration-ms="23481" started-at="2020-05-02T04:21:03Z" finished-at="2020-05-02T04:21:26Z">
    <groups>
    </groups>
    <test name="VAlidate Titel" duration-ms="6409" started-at="2020-05-02T04:21:03Z" finished-at="2020-05-02T04:21:09Z">
      <class name="Academy2.validateTitle">
        <test-method status="PASS" signature="beforetest()[pri:0, instance:Academy2.validateTitle@5ea434c8]" name="beforetest" is-config="true" duration-ms="5685" started-at="2020-05-02T04:21:03Z" finished-at="2020-05-02T04:21:08Z">
          <reporter-output>
          </reporter-output>
        </test-method> <!-- beforetest -->
        <test-method status="FAIL" signature="test2()[pri:0, instance:Academy2.validateTitle@5ea434c8]" name="test2" duration-ms="62" started-at="2020-05-02T04:21:08Z" finished-at="2020-05-02T04:21:08Z">
          <exception class="java.lang.AssertionError">
            <message>
              <![CDATA[expected [FEATURED COURSES12] but found [FEATURED COURSES]]]>
            </message>
            <full-stacktrace>
              <![CDATA[java.lang.AssertionError: expected [FEATURED COURSES12] but found [FEATURED COURSES]
at org.testng.Assert.fail(Assert.java:96)
at org.testng.Assert.failNotEquals(Assert.java:776)
at org.testng.Assert.assertEqualsImpl(Assert.java:137)
at org.testng.Assert.assertEquals(Assert.java:118)
at org.testng.Assert.assertEquals(Assert.java:453)
at org.testng.Assert.assertEquals(Assert.java:463)
at Academy2.validateTitle.test2(validateTitle.java:25)
at sun.reflect.NativeMethodAccessorImpl.invoke0(Native Method)
at sun.reflect.NativeMethodAccessorImpl.invoke(Unknown Source)
at sun.reflect.DelegatingMethodAccessorImpl.invoke(Unknown Source)
at java.lang.reflect.Method.invoke(Unknown Source)
at org.testng.internal.MethodInvocationHelper.invokeMethod(MethodInvocationHelper.java:124)
at org.testng.internal.Invoker.invokeMethod(Invoker.java:583)
at org.testng.internal.Invoker.invokeTestMethod(Invoker.java:719)
at org.testng.internal.Invoker.invokeTestMethods(Invoker.java:989)
at org.testng.internal.TestMethodWorker.invokeTestMethods(TestMethodWorker.java:125)
at org.testng.internal.TestMethodWorker.run(TestMethodWorker.java:109)
at org.testng.TestRunner.privateRun(TestRunner.java:648)
at org.testng.TestRunner.run(TestRunner.java:505)
at org.testng.SuiteRunner.runTest(SuiteRunner.java:455)
at org.testng.SuiteRunner.runSequentially(SuiteRunner.java:450)
at org.testng.SuiteRunner.privateRun(SuiteRunner.java:415)
at org.testng.SuiteRunner.run(SuiteRunner.java:364)
at org.testng.SuiteRunnerWorker.runSuite(SuiteRunnerWorker.java:52)
at org.testng.SuiteRunnerWorker.run(SuiteRunnerWorker.java:84)
at org.testng.TestNG.runSuitesSequentially(TestNG.java:1208)
at org.testng.TestNG.runSuitesLocally(TestNG.java:1137)
at org.testng.TestNG.runSuites(TestNG.java:1049)
at org.testng.TestNG.run(TestNG.java:1017)
at org.testng.remote.AbstractRemoteTestNG.run(AbstractRemoteTestNG.java:115)
at org.testng.remote.RemoteTestNG.initAndRun(RemoteTestNG.java:251)
at org.testng.remote.RemoteTestNG.main(RemoteTestNG.java:77)
]]>
            </full-stacktrace>
          </exception> <!-- java.lang.AssertionError -->
          <reporter-output>
          </reporter-output>
        </test-method> <!-- test2 -->
        <test-method status="PASS" signature="aftertest()[pri:0, instance:Academy2.validateTitle@5ea434c8]" name="aftertest" is-config="true" duration-ms="55" started-at="2020-05-02T04:21:09Z" finished-at="2020-05-02T04:21:09Z">
          <reporter-output>
          </reporter-output>
        </test-method> <!-- aftertest -->
      </class> <!-- Academy2.validateTitle -->
    </test> <!-- VAlidate Titel -->
    <test name="Validate Home" duration-ms="17038" started-at="2020-05-02T04:21:09Z" finished-at="2020-05-02T04:21:26Z">
      <class name="Academy2.HomeTest">
        <test-method status="PASS" signature="beforetest()[pri:0, instance:Academy2.HomeTest@17c386de]" name="beforetest" is-config="true" duration-ms="3453" started-at="2020-05-02T04:21:09Z" finished-at="2020-05-02T04:21:13Z">
          <reporter-output>
          </reporter-output>
        </test-method> <!-- beforetest -->
        <test-method status="PASS" signature="test1(java.lang.String, java.lang.String)[pri:0, instance:Academy2.HomeTest@17c386de]" name="test1" duration-ms="9341" started-at="2020-05-02T04:21:13Z" data-provider="getData" finished-at="2020-05-02T04:21:22Z">
          <params>
            <param index="0">
              <value>
                <![CDATA[restrictedusercom]]>
              </value>
            </param>
            <param index="1">
              <value>
                <![CDATA[1234]]>
              </value>
            </param>
          </params>
          <reporter-output>
          </reporter-output>
        </test-method> <!-- test1 -->
        <test-method status="PASS" signature="test1(java.lang.String, java.lang.String)[pri:0, instance:Academy2.HomeTest@17c386de]" name="test1" duration-ms="4096" started-at="2020-05-02T04:21:22Z" data-provider="getData" finished-at="2020-05-02T04:21:26Z">
          <params>
            <param index="0">
              <value>
                <![CDATA[nonrestrictedusecom]]>
              </value>
            </param>
            <param index="1">
              <value>
                <![CDATA[123465]]>
              </value>
            </param>
          </params>
          <reporter-output>
          </reporter-output>
        </test-method> <!-- test1 -->
        <test-method status="PASS" signature="aftertest()[pri:0, instance:Academy2.HomeTest@17c386de]" name="aftertest" is-config="true" duration-ms="146" started-at="2020-05-02T04:21:26Z" finished-at="2020-05-02T04:21:26Z">
          <reporter-output>
          </reporter-output>
        </test-method> <!-- aftertest -->
      </class> <!-- Academy2.HomeTest -->
    </test> <!-- Validate Home -->
  </suite> <!-- Suite -->
</testng-results>
